<?xml version="1.0" encoding="UTF-8"?>
<!-- Generated by org.testng.reporters.JUnitXMLReporter -->
<testsuite ignored="0" hostname="VSV" failures="0" tests="4" name="Test" time="295.599" errors="0" timestamp="2024-08-06T11:04:26 IST">
  <testcase classname="nf817.Nf817forwardtoro" name="testAddcommercial" time="68.464"/>
  <testcase classname="nf817.Nf817forwardtoco" name="Nf817forwardtoco1" time="73.867"/>
  <testcase classname="nf817.Nf817forwardtoho" name="Nf817forwardtoho1" time="70.828"/>
  <testcase classname="nf817.Nf817approvefromho$Nf607approvefromho" name="testNF817approveHO" time="63.982"/>
</testsuite> <!-- Test -->
