<?xml version="1.0" encoding="UTF-8"?>
<!-- Generated by org.testng.reporters.JUnitXMLReporter -->
<testsuite ignored="1" hostname="VSV" failures="0" tests="2" name="Test" time="62.543" errors="0" timestamp="2024-08-22T17:55:43 IST">
  <testcase classname="drt.Drtcaseadd$drtcaseadd" name="testAdddrtcase" time="29.756"/>
  <testcase classname="drt.TC_DRT_0010$drtcaseadd" name="testAdddrtcase" time="23.255"/>
  <testcase classname="drt.Drtcaseadd$drtcaseadd" name="testdrtapprove" time="0.0">
    <ignored/>
  </testcase> <!-- testdrtapprove -->
</testsuite> <!-- Test -->
