<?xml version="1.0" encoding="UTF-8"?>
<!-- Generated by org.testng.reporters.JUnitReportReporter -->
<testsuite hostname="VSV" failures="0" tests="2" name="drt.Drtcaseadd$drtcaseadd" time="33.758" errors="0" timestamp="2025-04-09T16:51:59 IST" skipped="1">
  <testcase classname="drt.Drtcaseadd$drtcaseadd" name="testAdddrtcase" time="33.758"/>
  <testcase classname="drt.Drtcaseadd$drtcaseadd" name="testdrtapprove">
    <skipped/>
  </testcase> <!-- testdrtapprove -->
</testsuite> <!-- drt.Drtcaseadd$drtcaseadd -->
